1 5 3 2 4

1

2 5 7 8 10 13 18 3 6 12 1 4 11 14 15 9 16 17

17 29 76 12 3 70 39 71 15 89 1 72 5 9 90 73 2 14 78 31 47 34 62 63 7 42 69 52 57 41 10 38 18 55 83 84 92 19 40 60 8 79 27 22 30 33 65 35 46 56 74 77 11 21 48 80 13 25 50 51 58 81 54 6 37 43 85 44 64 82 24 32 67 68 20 23 45 4 66 86 53 16 59 28 49 75 36 87 26 88 91 61

7 8 13 17 11 14 22 35 37 24 38 4 2 19 1 16 32 10 27 36 21 20 33 26 34 29 25 39 12 18 23 28 6 15 30 5 31 40 3 9

2 7 17 27 53 31 37 13 61 28 29 30 33 44 22 25 3 15 48 55 58 24 62 5 46 51 56 6 20 36 41 67 40 1 35 45 71 9 19 50 59 66 47 16 68 32 72 49 54 18 21 60 63 23 39 8 52 34 73 12 70 42 74 14 69 65 43 10 4 57 38 75 26 11 64

45 50 1 8 12 11 33 53 30 37 43 48 59 13 15 57 23 28 6 20 39 5 10 32 36 9 25 38 41 42 47 49 35 52 21 29 44 24 2 34 54 4 19 55 58 56 18 27 31 40 60 3 7 17 22 14 51 26 16 46

47 1 61 64 2 55 29 69 25 44 60 5 12 85 34 66 6 28 11 73 79 80 77 81 65 71 19 62 27 75 46 56 63 72 84 37 48 51 14 15 9 24 23 30 35 8 4 38 32 54 22 18 36 67 76 78 41 58 21 16 31 17 50 49 13 43 33 52 68 3 82 7 10 59 53 57 70 45 74 20 40 39 26 42 83

1 10 12 13 5 8 14 2 3 6 9 11 15 7 4

19 56 65 81 8 35 17 68 48 86 20 27 52 64 57 47 75 77 84 87 39 2 31 3 11 10 18 36 25 71 72 76 67 82 21 28 37 58 85 30 34 43 89 5 40 9 4 50 13 59 69 70 83 92 14 12 16 24 29 45 53 22 1 26 33 55 38 44 6 41 49 42 60 32 61 7 62 23 51 88 90 46 54 66 78 79 73 80 74 93 63 15 91

4 8 11 15 26 45 23 54 40 52 55 1 48 59 61 64 7 19 37 41 43 17 51 28 57 2 63 29 35 14 56 44 31 60 22 5 30 27 50 9 6 25 33 39 12 10 13 20 36 32 42 47 49 21 24 53 62 16 46 18 38 58 65 34 3

17 40 45 36 50 28 3 23 4 26 24 25 30 18 29 34 6 14 19 10 35 37 38 39 44 20 32 46 13 47 21 33 5 48 52 8 15 27 41 11 1 2 12 9 31 7 16 22 42 43 49 51

56 62 44 57 66 31 82 63 1 68 15 16 84 71 74 21 46 27 8 43 67 36 39 83 22 49 52 70 73 29 6 26 25 60 69 18 78 37 80 58 75 79 77 30 40 28 13 76 81 51 19 54 35 53 2 24 61 9 32 33 38 50 59 5 11 14 20 34 41 42 45 48 10 3 65 23 72 17 55 7 12 47 4 64

2 8 13 14 9 20 23 24 32 21 16 26 10 28 5 25 27 30 12 31 1 3 11 15 17 19 4 7 6 18 22 29

11 16 17 19 8 24 26 14 15 23 1 27 28 9 18 22 7 29 2 4 5 10 12 30 20 25 6 13 21 31 3

17 63 4 44 8 64 2 37 34 25 45 13 41 52 53 3 24 67 68 27 5 11 42 38 50 51 15 66 72 32 31 40 58 59 7 19 1 20 29 57 36 65 14 12 49 70 6 9 16 10 71 30 26 23 39 21 48 61 43 47 62 18 28 35 22 33 56 54 46 60 69 55

2 5 23 25 33 3 16 19 31 12 26 41 32 46 28 4 39 40 47 49 17 38 50 20 10 22 51 52 7 8 9 1 35 37 11 15 6 44 13 43 18 34 30 45 14 36 24 27 21 42 29 48

30 3 19 35 23 31 13 17 40 43 1 14 21 27 34 39 37 7 9 5 12 22 33 42 18 25 20 28 38 26 2 11 4 10 15 16 8 24 32 6 36 29 41

20 39 44 48 11 30 77 43 54 31 15 79 88 87 6 19 29 38 56 59 66 69 84 16 90 68 27 45 47 65 91 1 18 28 33 12 7 42 73 78 80 75 92 2 9 4 25 40 49 52 63 37 93 24 62 3 35 17 50 61 71 57 74 13 34 67 26 10 58 72 82 22 32 60 23 76 70 83 5 41 81 51 86 85 94 14 36 8 64 21 46 53 55 89

7 40 52 64 76 9 81 45 59 27 84 5 43 79 19 10 62 82 73 85 34 83 2 24 11 60 61 16 89 93 8 26 32 14 39 3 13 38 77 94 41 69 23 74 63 65 72 86 87 22 33 46 57 30 1 29 35 58 15 49 28 48 54 6 70 71 47 88 44 51 4 21 91 18 67 80 66 36 75 68 53 20 25 56 31 55 17 78 42 90 12 37 50 92

1 2 4 5 3

10 14 15 25 27 29 19 9 7 20 24 28 31 33 4 8 3 11 26 18 6 1 13 17 2 16 21 22 12 23 5 30 32 34

31 24 33 46 11 19 13 26 36 15 7 41 44 34 43 8 29 30 16 38 25 39 18 23 40 4 6 12 22 28 32 37 42 2 3 5 10 14 27 45 17 21 1 9 20 35

13 23 25 28 12 3 29 6 30 15 35 10 14 22 26 16 36 2 31 32 42 19 18 33 17 20 38 39 43 45 4 5 37 11 21 34 27 40 8 9 41 44 24 46 1 7

6 45 46 11 44 18 53 72 88 15 62 67 48 70 75 39 43 10 49 55 66 1 74 29 3 4 23 34 51 54 81 33 27 35 56 61 78 89 17 68 38 47 52 59 91 30 7 83 87 71 16 22 20 12 25 50 37 73 77 31 19 36 63 76 79 80 86 2 8 14 32 41 13 5 42 26 58 24 85 9 28 57 65 40 64 82 60 69 21 84 90

3 5 10 2 18 16 19 23 25 4 7 28 22 1 17 21 24 6 15 13 12 26 14 27 9 11 29 8 20

12 16 8 10 27 57 25 44 49 61 76 79 3 81 36 51 9 55 60 34 54 71 24 56 46 20 21 35 19 74 6 11 17 52 58 62 14 26 47 33 7 31 30 37 32 63 1 29 38 66 67 69 70 75 50 59 4 42 72 18 2 80 68 41 23 45 48 64 22 40 13 43 53 73 39 77 78 15 5 28 65

1 5 7 13 14 2 10 16 8 19 22 3 23 9 12 15 18 11 4 6 17 21 20

11 15 19 20 35 37 45 50 10 21 23 18 22 28 9 12 29 33 32 5 16 34 36 26 41 27 49 24 40 4 13 6 17 14 25 2 30 43 47 44 3 38 46 48 31 8 1 42 7 39

32 41 18 5 11 14 21 22 24 42 62 66 4 29 56 7 23 61 6 10 40 55 3 63 65 31 27 57 12 64 47 25 13 17 54 1 60 36 59 67 28 68 16 51 20 39 37 44 33 38 43 46 15 30 50 34 53 52 69 19 48 26 8 58 2 9 45 35 49

22 27 38 42 11 50 10 13 41 15 28 36 14 55 29 32 58 52 16 54 65 46 45 57 66 49 7 17 1 31 24 25 37 44 6 8 3 4 33 19 47 5 26 30 48 61 51 62 12 21 59 63 35 23 9 18 20 34 53 2 56 39 43 60 40 64

12 18 22 17 24 20 2 16 27 14 10 28 31 26 19 29 30 11 15 1 13 21 6 4 5 7 8 9 3 23 25

6 7 3 9 1 2 4 8 5 10 11

2 5 9 10 11 14 7 8 3 6 12 15 1 4 13

1

9 1 8 21 22 33 6 2 10 16 39 19 14 18 46 13 29 20 35 15 24 34 42 43 45 11 25 27 30 23 31 5 26 37 32 38 47 4 12 17 28 40 36 41 7 3 44

21 25 38 19 52 54 30 35 11 16 10 18 31 3 56 9 4 26 44 50 53 34 36 17 62 28 42 60 6 15 24 43 8 13 22 20 27 45 14 29 39 49 48 32 7 46 47 58 40 55 12 41 61 51 33 57 1 2 5 23 37 59

15 16 19 22 23 24 6 13 25 41 11 40 2 35 12 39 18 42 21 34 20 32 47 14 27 33 46 4 5 44 17 8 31 37 1 9 43 3 10 26 29 30 28 36 38 45 7

15 30 40 47 5 29 31 41 6 8 32 44 23 42 43 46 18 24 12 19 26 28 1 48 33 21 16 20 38 7 4 49 2 10 13 37 39 45 50 27 17 34 35 3 36 9 11 14 22 25

1 2

6 12 16 13 18 15 8 21 2 9 20 5 14 22 3 4 11 1 7 17 19 10

3 15 24 31 1 20 43 54 9 12 27 7 39 8 51 56 33 38 40 45 47 22 2 16 46 17 50 57 21 11 29 35 6 36 13 41 25 49 52 10 37 32 48 4 19 5 44 53 14 42 23 26 34 28 55 18 30

6 7 13 2 10 1 8 12 9 4 11 14 3 5

10 20 55 65 28 76 46 77 35 39 53 78 86 13 31 23 12 52 4 9 21 22 27 45 51 15 62 25 30 16 63 36 68 1 56 67 73 18 41 44 75 19 8 26 38 47 49 43 17 70 88 14 66 84 7 87 34 3 24 33 57 58 40 48 61 64 80 54 37 59 89 6 42 2 81 32 11 69 71 50 79 82 85 5 29 60 72 74 83

2 22 35 38 55 61 25 36 14 21 3 30 46 50 54 57 66 9 7 4 13 31 33 39 28 44 32 49 5 29 53 60 27 23 68 1 16 20 26 40 43 51 18 52 64 15 47 12 45 48 58 24 8 65 37 56 17 6 10 67 34 19 62 41 11 42 63 59

20 26 16 28 6 23 34 46 41 47 31 4 44 48 54 55 11 14 42 50 25 15 51 12 36 53 7 9 21 27 30 35 40 5 17 18 29 32 45 39 13 43 3 37 38 52 8 22 10 19 2 1 24 49 33

5 11 12 10 14 15 1 6 3 13 7 4 9 2 8

6 56 62 34 39 54 13 59 48 64 17 57 7 31 66 11 46 71 80 37 55 18 72 4 2 22 24 73 35 27 23 38 1 20 58 79 81 61 14 25 8 36 19 50 60 68 65 21 15 33 77 83 47 10 49 3 45 40 53 12 67 51 82 32 43 52 44 74 78 29 5 16 76 9 42 26 28 30 63 69 75 41 70

9 11 15 13 4 10 7 5 16 20 1 14 2 8 17 6 12 18 3 19

2 4 5 1 3 6 9 7 8

1 2 3 4 5 7 9 6 8

67 31 38 2 36 42 69 59 15 27 50 22 51 53 71 21 1 19 9 18 49 55 32 16 13 20 29 34 58 7 56 40 61 3 14 11 24 74 81 4 82 10 25 17 8 54 5 26 62 6 35 63 76 77 70 72 45 79 48 23 44 68 60 83 39 80 33 47 37 43 46 12 52 57 28 65 66 75 78 30 41 64 73

11 4 17 19 21 14 24 25 28 32 12 7 18 27 8 6 22 1 23 30 3 34 5 33 35 10 13 31 16 36 2 9 15 20 26 29

9 1 19 31 14 6 11 20 29 33 2 13 16 23 26 5 28 25 24 30 10 32 27 35 7 12 4 15 21 3 8 17 34 18 22

7 4 13 14 16 11 15 19 9 3 5 8 1 6 18 2 10 12 17

1 2 4 3

34 52 59 46 78 80 69 89 23 21 36 42 18 32 53 61 82 5 55 83 87 17 25 43 19 8 22 47 93 20 3 33 50 62 71 7 11 51 44 66 26 15 73 79 86 37 88 1 41 14 45 16 48 31 40 54 12 30 72 74 76 85 56 67 65 84 24 49 4 9 29 81 90 91 92 2 10 13 35 57 58 38 27 28 60 6 63 68 70 75 64 77 39

22 9 38 50 57 20 17 63 12 27 32 5 25 33 2 34 67 26 60 3 13 21 16 40 42 51 59 8 15 29 36 47 54 44 45 6 58 41 61 66 53 24 28 55 4 64 65 39 68 11 23 10 18 52 56 48 7 1 35 31 30 37 43 14 19 46 49 62

5 14 15 19 26 17 9 11 18 3 6 16 20 2 21 7 22 23 8 4 25 12 13 1 24 27 10 28 29 30

2 3 4 6 5 8 10 7 1 11 9 12

16 19 23 24 11 25 13 21 26 3 12 14 9 20 4 1 7 8 2 17 10 18 15 5 6 22

4 5 6 10 13 14 17 8 20 1 12 15 16 2 9 18 7 19 21 22 11 23 3

1 3 2 4 13 16 19 5 10 11 15 18 20 7 8 21 6 17 12 9 14 22

4 6 13 7 1 9 11 2 14 10 16 8 3 12 15 5

17 24 4 5 11 16 23 31 35 18 38 3 20 32 9 25 39 12 22 10 40 7 19 26 13 14 15 33 36 6 37 1 21 27 2 8 28 29 30 34 41

48 61 24 32 17 20 36 41 42 52 6 23 37 31 19 51 3 56 28 29 7 9 2 55 57 58 62 14 18 47 26 22 44 50 10 30 15 13 39 54 16 53 12 4 34 45 25 59 8 27 43 46 5 49 60 1 33 40 11 21 35 38

2 17 18 19 5 29 30 8 9 13 1 10 4 12 14 16 22 23 7 6 11 20 24 21 3 25 28 26 27 15 31

1 7 8 15 6 17 18 19 3 5 10 9 21 23 20 12 4 11 2 14 22 13 16

28 33 35 42 16 46 13 31 43 54 44 32 36 64 70 51 67 65 75 78 24 9 1 79 38 20 10 22 30 12 41 6 23 2 34 45 63 71 50 39 4 21 3 60 59 55 58 61 14 68 80 15 8 17 26 52 56 62 66 77 19 40 49 72 76 7 25 5 37 48 29 53 69 74 18 47 57 73 11 27

18 9 16 27 25 12 24 28 7 6 19 15 30 5 1 31 2 8 20 23 13 10 29 32 3 21 34 11 14 17 4 26 22 33

19 4 12 13 23 5 7 24 25 31 37 15 17 20 22 35 38 18 42 2 10 14 21 27 6 28 40 16 34 26 9 36 39 41 11 44 45 1 29 32 8 43 3 30 33

1 8 5 11 13 10 4 15 16 14 17 3 6 9 7 12 2

5 25 33 38 28 32 13 15 23 43 57 26 1 45 17 59 52 53 37 62 60 11 3 7 31 54 44 61 48 10 64 68 18 19 22 56 42 63 9 8 35 12 21 47 50 51 30 67 2 27 39 69 24 34 41 29 46 58 66 14 40 65 4 16 49 55 6 36 20

3 54 4 59 64 9 72 10 40 32 42 7 56 26 66 38 49 51 50 57 29 61 62 36 70 30 23 27 15 47 68 71 58 60 73 6 5 14 74 25 28 33 55 11 22 31 41 46 45 48 39 24 37 53 67 21 69 13 20 34 35 19 63 8 17 1 2 12 16 43 44 52 18 65

29 11 37 19 25 7 16 44 52 34 50 53 55 56 2 4 10 23 31 35 6 27 32 39 40 30 57 58 13 18 21 24 43 22 38 47 33 9 51 3 20 41 46 8 12 48 49 54 1 5 14 26 28 15 36 42 17 45

5 17 31 60 10 70 45 23 27 4 29 28 51 61 25 47 72 11 12 50 54 65 71 9 20 48 62 44 34 53 24 66 68 7 15 14 37 52 19 57 2 6 39 1 41 49 36 43 56 64 26 3 13 22 40 55 33 38 69 8 58 16 32 67 21 42 73 74 46 30 59 63 18 35

7 12 5 22 21 26 28 34 37 14 19 31 11 24 27 25 36 18 38 45 23 32 33 6 46 43 35 13 4 8 2 9 29 39 10 40 17 1 42 16 44 47 15 20 48 30 3 41

1 12 18 21 41 57 17 59 72 4 34 40 77 6 83 26 82 29 10 84 55 85 3 56 68 15 30 64 8 71 13 80 33 49 79 19 51 78 36 50 66 37 7 35 42 61 32 45 23 63 16 67 53 69 70 2 48 73 44 20 28 46 24 58 31 74 76 52 87 43 14 9 27 54 81 11 47 60 38 65 22 62 86 75 25 5 39

6 15 29 38 47 55 23 66 75 78 25 54 14 76 64 68 71 8 77 31 30 48 18 4 5 24 26 79 11 39 3 10 2 42 45 7 51 57 62 32 63 16 50 34 13 70 59 53 58 21 72 27 46 52 74 12 20 9 43 61 28 1 41 44 17 36 19 56 65 49 60 67 73 37 69 22 33 35 40

4 19 14 18 25 26 3 13 21 24 31 10 8 17 27 2 9 6 11 15 1 22 23 28 5 20 12 30 33 29 7 16 32

4 14 15 28 5 37 39 1 32 44 36 43 11 10 7 26 21 25 38 20 3 13 34 24 41 18 19 35 42 45 27 8 16 17 9 12 30 22 33 2 6 23 31 29 40 46

8 10 26 34 5 71 50 23 55 1 57 60 19 42 68 54 72 25 35 37 2 16 4 48 3 47 52 56 49 33 67 40 41 15 70 27 12 11 28 36 32 18 39 43 7 13 45 59 6 51 53 64 21 65 63 14 22 24 9 20 58 29 46 62 66 38 31 69 17 30 44 61

15 7 17 24 20 27 29 3 25 1 9 8 18 32 14 10 11 21 22 6 12 16 28 23 4 19 2 5 30 13 26 31

10 12 26 28 13 27 29 3 6 9 16 8 17 21 2 4 19 22 1 14 24 11 20 31 15 5 18 23 7 25 30

3 27 17 28 15 32 33 8 29 13 2 6 16 19 18 23 24 1 25 26 7 22 4 9 5 11 14 20 12 21 10 30 31

9 41 18 37 21 25 27 34 6 4 28 32 14 24 47 20 12 19 26 29 46 7 22 8 16 3 5 36 17 1 23 38 42 10 11 43 39 30 44 40 31 45 2 33 13 35 15

15 4 22 28 1 43 11 57 51 33 55 37 12 25 46 48 58 35 36 20 26 30 38 14 21 24 47 31 2 18 40 3 19 32 42 50 49 59 10 17 29 6 7 41 8 23 44 16 45 9 27 5 39 52 13 34 53 54 56

1 42 52 53 63 64 67 25 3 37 88 16 41 13 47 20 11 50 69 70 78 71 14 30 38 80 81 32 55 77 21 10 43 46 61 90 29 5 2 66 76 75 86 19 26 35 40 60 56 72 59 18 62 12 65 4 8 82 85 9 23 58 22 33 31 34 74 73 89 28 24 36 39 45 48 6 7 68 54 49 44 79 83 17 27 51 57 15 84 87

9 16 31 32 4 26 39 13 15 18 25 5 19 30 21 17 24 6 7 10 22 27 36 11 29 33 37 12 34 38 20 28 35 2 3 40 1 14 23 41 8

15 19 44 53 22 28 41 67 40 2 36 50 11 45 61 7 18 21 52 43 62 4 13 65 64 20 31 8 38 58 33 59 3 10 25 35 51 46 55 14 12 42 56 63 32 26 54 17 23 24 49 47 66 68 1 30 29 34 37 39 16 6 9 5 48 60 57 27

2 3 4 5 6 1

27 52 51 60 66 47 67 73 77 14 78 65 31 44 49 43 1 3 11 17 42 55 21 63 30 74 58 79 23 10 20 12 57 59 45 75 16 40 68 72 35 54 29 18 39 50 80 22 6 26 41 69 2 5 8 4 62 24 15 19 32 36 38 46 71 64 76 82 34 56 25 70 81 33 13 9 53 28 48 37 7 61

19 24 33 21 28 20 17 44 51 55 31 3 12 47 61 18 54 8 32 43 53 56 6 49 2 52 60 1 30 11 23 26 58 59 16 10 13 14 22 25 34 39 41 45 50 38 29 5 4 48 57 42 7 35 40 46 27 36 9 15 37

22 21 28 35 10 37 33 29 23 13 34 38 5 40 18 9 32 11 24 2 31 12 39 14 26 25 4 15 7 19 27 3 8 6 16 30 20 1 36 41 17

23 24 39 43 6 38 65 48 68 2 50 69 10 15 22 4 51 60 55 40 41 18 45 66 59 42 33 19 64 67 16 71 72 57 44 14 32 46 47 62 56 5 13 27 28 35 54 20 11 21 1 36 49 8 12 37 52 53 58 25 7 30 61 34 63 3 26 17 29 70 9 31

9 24 38 11 37 1 44 48 8 58 59 26 13 20 60 17 3 16 36 22 42 50 7 12 27 28 56 2 15 23 45 54 57 19 61 10 21 18 25 29 39 53 47 55 62 14 31 43 32 34 4 40 33 46 6 49 52 30 41 5 51 35

5 8 4 11 15 10 7 18 9 20 19 6 21 30 31 3 14 1 16 17 22 24 2 27 12 25 23 13 26 28 29

6 27 50 53 60 64 2 41 65 17 88 38 69 73 72 23 58 18 44 87 7 33 67 19 4 21 40 25 28 45 16 82 47 83 84 52 48 49 22 12 32 43 24 75 68 9 10 70 37 13 71 30 31 34 39 80 5 51 63 46 1 85 3 86 79 20 54 57 59 15 36 42 14 26 61 74 81 8 29 35 55 78 76 77 66 56 62 11

1 2 3 6 7 4 5 9 8 10

12 19 28 15 35 8 45 13 39 50 38 14 16 29 22 23 27 40 46 9 47 37 20 30 41 49 1 3 4 5 17 24 32 34 42 18 2 11 31 33 36 10 43 21 7 25 51 44 26 48 6

3 2 18 27 5 6 14 1 24 29 30 7 32 10 15 19 20 21 25 26 9 4 12 11 8 17 22 28 31 13 16 23

18 49 11 59 10 62 16 5 24 27 37 43 21 28 29 15 17 44 45 46 13 2 54 57 38 39 8 60 3 31 22 1 19 36 48 6 47 30 51 61 42 14 58 32 7 34 50 23 25 52 53 40 55 9 33 26 4 12 20 35 41 56

15 70 32 34 3 53 56 48 63 69 24 37 47 49 71 26 14 57 23 10 20 42 43 60 62 11 65 67 6 22 40 17 45 16 35 8 9 21 39 27 46 7 54 31 38 58 29 64 1 33 30 36 44 50 68 13 41 2 52 59 5 18 12 25 19 4 28 51 55 61 66
